{"C:\\Users\\Usuario\\OneDrive\\PROGRAMAÇÃO\\FULLSTACK MASTER\\Semana 3\\exercícios\\interest.js": {"path":"C:\\Users\\Usuario\\OneDrive\\PROGRAMAÇÃO\\FULLSTACK MASTER\\Semana 3\\exercícios\\interest.js","statementMap":{"0":{"start":{"line":1,"column":23},"end":{"line":1,"column":45}},"1":{"start":{"line":1,"column":36},"end":{"line":1,"column":45}},"2":{"start":{"line":3,"column":27},"end":{"line":3,"column":91}},"3":{"start":{"line":3,"column":51},"end":{"line":3,"column":91}},"4":{"start":{"line":3,"column":64},"end":{"line":3,"column":91}},"5":{"start":{"line":5,"column":35},"end":{"line":8,"column":1}},"6":{"start":{"line":6,"column":14},"end":{"line":6,"column":37}},"7":{"start":{"line":7,"column":4},"end":{"line":7,"column":35}},"8":{"start":{"line":10,"column":25},"end":{"line":14,"column":1}},"9":{"start":{"line":10,"column":41},"end":{"line":14,"column":1}},"10":{"start":{"line":11,"column":43},"end":{"line":11,"column":55}},"11":{"start":{"line":12,"column":14},"end":{"line":12,"column":53}},"12":{"start":{"line":13,"column":4},"end":{"line":13,"column":35}},"13":{"start":{"line":16,"column":0},"end":{"line":25,"column":1}}},"fnMap":{"0":{"name":"(anonymous_0)","decl":{"start":{"line":1,"column":23},"end":{"line":1,"column":24}},"loc":{"start":{"line":1,"column":36},"end":{"line":1,"column":45}},"line":1},"1":{"name":"(anonymous_1)","decl":{"start":{"line":3,"column":27},"end":{"line":3,"column":28}},"loc":{"start":{"line":3,"column":51},"end":{"line":3,"column":91}},"line":3},"2":{"name":"(anonymous_2)","decl":{"start":{"line":3,"column":51},"end":{"line":3,"column":52}},"loc":{"start":{"line":3,"column":64},"end":{"line":3,"column":91}},"line":3},"3":{"name":"(anonymous_3)","decl":{"start":{"line":5,"column":35},"end":{"line":5,"column":36}},"loc":{"start":{"line":5,"column":48},"end":{"line":8,"column":1}},"line":5},"4":{"name":"(anonymous_4)","decl":{"start":{"line":10,"column":25},"end":{"line":10,"column":26}},"loc":{"start":{"line":10,"column":41},"end":{"line":14,"column":1}},"line":10},"5":{"name":"(anonymous_5)","decl":{"start":{"line":10,"column":41},"end":{"line":10,"column":42}},"loc":{"start":{"line":10,"column":54},"end":{"line":14,"column":1}},"line":10}},"branchMap":{},"s":{"0":1,"1":3,"2":1,"3":3,"4":2,"5":1,"6":2,"7":2,"8":1,"9":3,"10":2,"11":2,"12":2,"13":1},"f":{"0":3,"1":3,"2":2,"3":2,"4":3,"5":2},"b":{},"_coverageSchema":"43e27e138ebf9cfc5966b082cf9a028302ed4184","hash":"3422ba1f1aada97f2519feea7a1262d2fcf97175"}
}
